<testsuites id="" name="" tests="75" failures="69" skipped="6" errors="0" time="3600.027297">
<testsuite name="invoices/invoice-calculations.spec.ts" timestamp="2025-09-25T07:53:49.510Z" hostname="chromium" tests="6" failures="6" skipped="0" time="289.265" errors="0">
<testcase name="Invoice Global Financial Calculations › JavaScript calculations update totals when global financial fields change" classname="invoices/invoice-calculations.spec.ts" time="48.19">
<failure message="invoice-calculations.spec.ts:16:7 JavaScript calculations update totals when global financial fields change" type="FAILURE">
<![CDATA[  [chromium] › invoices/invoice-calculations.spec.ts:16:7 › Invoice Global Financial Calculations › JavaScript calculations update totals when global financial fields change 

    TimeoutError: locator.click: Timeout 15000ms exceeded.
    Call log:
      - waiting for locator('input[name="email"], input[type="email"], #email')


       at ../pages/base.page.ts:58

      56 |    */
      57 |   async fillField(locator: Locator, value: string) {
    > 58 |     await locator.click();
         |                   ^
      59 |     await locator.clear();
      60 |     await locator.fill(value);
      61 |   }
        at LoginPage.fillField (/app/pages/base.page.ts:58:19)
        at LoginPage.login (/app/pages/login.page.ts:33:16)
        at LoginPage.quickLogin (/app/pages/login.page.ts:58:16)
        at Object.authenticatedPage (/app/fixtures/auth.fixture.ts:12:5)

    attachment #1: screenshot (image/png) ──────────────────────────────────────────────────────────
    ../test-results/invoices-invoice-calculati-6eea4-bal-financial-fields-change-chromium/test-failed-1.png
    ────────────────────────────────────────────────────────────────────────────────────────────────

    attachment #2: video (video/webm) ──────────────────────────────────────────────────────────────
    ../test-results/invoices-invoice-calculati-6eea4-bal-financial-fields-change-chromium/video.webm
    ────────────────────────────────────────────────────────────────────────────────────────────────

    Error Context: ../test-results/invoices-invoice-calculati-6eea4-bal-financial-fields-change-chromium/error-context.md

    Retry #1 ───────────────────────────────────────────────────────────────────────────────────────

    TimeoutError: locator.click: Timeout 15000ms exceeded.
    Call log:
      - waiting for locator('input[name="email"], input[type="email"], #email')


       at ../pages/base.page.ts:58

      56 |    */
      57 |   async fillField(locator: Locator, value: string) {
    > 58 |     await locator.click();
         |                   ^
      59 |     await locator.clear();
      60 |     await locator.fill(value);
      61 |   }
        at LoginPage.fillField (/app/pages/base.page.ts:58:19)
        at LoginPage.login (/app/pages/login.page.ts:33:16)
        at LoginPage.quickLogin (/app/pages/login.page.ts:58:16)
        at Object.authenticatedPage (/app/fixtures/auth.fixture.ts:12:5)

    attachment #1: screenshot (image/png) ──────────────────────────────────────────────────────────
    ../test-results/invoices-invoice-calculati-6eea4-bal-financial-fields-change-chromium-retry1/test-failed-1.png
    ────────────────────────────────────────────────────────────────────────────────────────────────

    attachment #2: video (video/webm) ──────────────────────────────────────────────────────────────
    ../test-results/invoices-invoice-calculati-6eea4-bal-financial-fields-change-chromium-retry1/video.webm
    ────────────────────────────────────────────────────────────────────────────────────────────────

    Error Context: ../test-results/invoices-invoice-calculati-6eea4-bal-financial-fields-change-chromium-retry1/error-context.md

    attachment #4: trace (application/zip) ─────────────────────────────────────────────────────────
    ../test-results/invoices-invoice-calculati-6eea4-bal-financial-fields-change-chromium-retry1/trace.zip
    Usage:

        npx playwright show-trace ../test-results/invoices-invoice-calculati-6eea4-bal-financial-fields-change-chromium-retry1/trace.zip

    ────────────────────────────────────────────────────────────────────────────────────────────────

    Retry #2 ───────────────────────────────────────────────────────────────────────────────────────

    TimeoutError: locator.click: Timeout 15000ms exceeded.
    Call log:
      - waiting for locator('input[name="email"], input[type="email"], #email')


       at ../pages/base.page.ts:58

      56 |    */
      57 |   async fillField(locator: Locator, value: string) {
    > 58 |     await locator.click();
         |                   ^
      59 |     await locator.clear();
      60 |     await locator.fill(value);
      61 |   }
        at LoginPage.fillField (/app/pages/base.page.ts:58:19)
        at LoginPage.login (/app/pages/login.page.ts:33:16)
        at LoginPage.quickLogin (/app/pages/login.page.ts:58:16)
        at Object.authenticatedPage (/app/fixtures/auth.fixture.ts:12:5)

    attachment #1: screenshot (image/png) ──────────────────────────────────────────────────────────
    ../test-results/invoices-invoice-calculati-6eea4-bal-financial-fields-change-chromium-retry2/test-failed-1.png
    ────────────────────────────────────────────────────────────────────────────────────────────────

    attachment #2: video (video/webm) ──────────────────────────────────────────────────────────────
    ../test-results/invoices-invoice-calculati-6eea4-bal-financial-fields-change-chromium-retry2/video.webm
    ────────────────────────────────────────────────────────────────────────────────────────────────

    Error Context: ../test-results/invoices-invoice-calculati-6eea4-bal-financial-fields-change-chromium-retry2/error-context.md
]]>
</failure>
<system-out>
<![CDATA[
[[ATTACHMENT|invoices-invoice-calculati-6eea4-bal-financial-fields-change-chromium/test-failed-1.png]]

[[ATTACHMENT|invoices-invoice-calculati-6eea4-bal-financial-fields-change-chromium/video.webm]]

[[ATTACHMENT|invoices-invoice-calculati-6eea4-bal-financial-fields-change-chromium/error-context.md]]

[[ATTACHMENT|invoices-invoice-calculati-6eea4-bal-financial-fields-change-chromium-retry1/test-failed-1.png]]

[[ATTACHMENT|invoices-invoice-calculati-6eea4-bal-financial-fields-change-chromium-retry1/video.webm]]

[[ATTACHMENT|invoices-invoice-calculati-6eea4-bal-financial-fields-change-chromium-retry1/error-context.md]]

[[ATTACHMENT|invoices-invoice-calculati-6eea4-bal-financial-fields-change-chromium-retry1/trace.zip]]

[[ATTACHMENT|invoices-invoice-calculati-6eea4-bal-financial-fields-change-chromium-retry2/test-failed-1.png]]

[[ATTACHMENT|invoices-invoice-calculati-6eea4-bal-financial-fields-change-chromium-retry2/video.webm]]

[[ATTACHMENT|invoices-invoice-calculati-6eea4-bal-financial-fields-change-chromium-retry2/error-context.md]]
]]>
</system-out>
</testcase>
<testcase name="Invoice Global Financial Calculations › Calculations handle decimal values correctly" classname="invoices/invoice-calculations.spec.ts" time="48.524">
<failure message="invoice-calculations.spec.ts:77:7 Calculations handle decimal values correctly" type="FAILURE">
<![CDATA[  [chromium] › invoices/invoice-calculations.spec.ts:77:7 › Invoice Global Financial Calculations › Calculations handle decimal values correctly 

    TimeoutError: locator.click: Timeout 15000ms exceeded.
    Call log:
      - waiting for locator('input[name="email"], input[type="email"], #email')


       at ../pages/base.page.ts:58

      56 |    */
      57 |   async fillField(locator: Locator, value: string) {
    > 58 |     await locator.click();
         |                   ^
      59 |     await locator.clear();
      60 |     await locator.fill(value);
      61 |   }
        at LoginPage.fillField (/app/pages/base.page.ts:58:19)
        at LoginPage.login (/app/pages/login.page.ts:33:16)
        at LoginPage.quickLogin (/app/pages/login.page.ts:58:16)
        at Object.authenticatedPage (/app/fixtures/auth.fixture.ts:12:5)

    attachment #1: screenshot (image/png) ──────────────────────────────────────────────────────────
    ../test-results/invoices-invoice-calculati-29518-le-decimal-values-correctly-chromium/test-failed-1.png
    ────────────────────────────────────────────────────────────────────────────────────────────────

    attachment #2: video (video/webm) ──────────────────────────────────────────────────────────────
    ../test-results/invoices-invoice-calculati-29518-le-decimal-values-correctly-chromium/video.webm
    ────────────────────────────────────────────────────────────────────────────────────────────────

    Error Context: ../test-results/invoices-invoice-calculati-29518-le-decimal-values-correctly-chromium/error-context.md

    Retry #1 ───────────────────────────────────────────────────────────────────────────────────────

    TimeoutError: locator.click: Timeout 15000ms exceeded.
    Call log:
      - waiting for locator('input[name="email"], input[type="email"], #email')


       at ../pages/base.page.ts:58

      56 |    */
      57 |   async fillField(locator: Locator, value: string) {
    > 58 |     await locator.click();
         |                   ^
      59 |     await locator.clear();
      60 |     await locator.fill(value);
      61 |   }
        at LoginPage.fillField (/app/pages/base.page.ts:58:19)
        at LoginPage.login (/app/pages/login.page.ts:33:16)
        at LoginPage.quickLogin (/app/pages/login.page.ts:58:16)
        at Object.authenticatedPage (/app/fixtures/auth.fixture.ts:12:5)

    attachment #1: screenshot (image/png) ──────────────────────────────────────────────────────────
    ../test-results/invoices-invoice-calculati-29518-le-decimal-values-correctly-chromium-retry1/test-failed-1.png
    ────────────────────────────────────────────────────────────────────────────────────────────────

    attachment #2: video (video/webm) ──────────────────────────────────────────────────────────────
    ../test-results/invoices-invoice-calculati-29518-le-decimal-values-correctly-chromium-retry1/video.webm
    ────────────────────────────────────────────────────────────────────────────────────────────────

    Error Context: ../test-results/invoices-invoice-calculati-29518-le-decimal-values-correctly-chromium-retry1/error-context.md

    attachment #4: trace (application/zip) ─────────────────────────────────────────────────────────
    ../test-results/invoices-invoice-calculati-29518-le-decimal-values-correctly-chromium-retry1/trace.zip
    Usage:

        npx playwright show-trace ../test-results/invoices-invoice-calculati-29518-le-decimal-values-correctly-chromium-retry1/trace.zip

    ────────────────────────────────────────────────────────────────────────────────────────────────

    Retry #2 ───────────────────────────────────────────────────────────────────────────────────────

    TimeoutError: locator.click: Timeout 15000ms exceeded.
    Call log:
      - waiting for locator('input[name="email"], input[type="email"], #email')


       at ../pages/base.page.ts:58

      56 |    */
      57 |   async fillField(locator: Locator, value: string) {
    > 58 |     await locator.click();
         |                   ^
      59 |     await locator.clear();
      60 |     await locator.fill(value);
      61 |   }
        at LoginPage.fillField (/app/pages/base.page.ts:58:19)
        at LoginPage.login (/app/pages/login.page.ts:33:16)
        at LoginPage.quickLogin (/app/pages/login.page.ts:58:16)
        at Object.authenticatedPage (/app/fixtures/auth.fixture.ts:12:5)

    attachment #1: screenshot (image/png) ──────────────────────────────────────────────────────────
    ../test-results/invoices-invoice-calculati-29518-le-decimal-values-correctly-chromium-retry2/test-failed-1.png
    ────────────────────────────────────────────────────────────────────────────────────────────────

    attachment #2: video (video/webm) ──────────────────────────────────────────────────────────────
    ../test-results/invoices-invoice-calculati-29518-le-decimal-values-correctly-chromium-retry2/video.webm
    ────────────────────────────────────────────────────────────────────────────────────────────────

    Error Context: ../test-results/invoices-invoice-calculati-29518-le-decimal-values-correctly-chromium-retry2/error-context.md
]]>
</failure>
<system-out>
<![CDATA[
[[ATTACHMENT|invoices-invoice-calculati-29518-le-decimal-values-correctly-chromium/test-failed-1.png]]

[[ATTACHMENT|invoices-invoice-calculati-29518-le-decimal-values-correctly-chromium/video.webm]]

[[ATTACHMENT|invoices-invoice-calculati-29518-le-decimal-values-correctly-chromium/error-context.md]]

[[ATTACHMENT|invoices-invoice-calculati-29518-le-decimal-values-correctly-chromium-retry1/test-failed-1.png]]

[[ATTACHMENT|invoices-invoice-calculati-29518-le-decimal-values-correctly-chromium-retry1/video.webm]]

[[ATTACHMENT|invoices-invoice-calculati-29518-le-decimal-values-correctly-chromium-retry1/error-context.md]]

[[ATTACHMENT|invoices-invoice-calculati-29518-le-decimal-values-correctly-chromium-retry1/trace.zip]]

[[ATTACHMENT|invoices-invoice-calculati-29518-le-decimal-values-correctly-chromium-retry2/test-failed-1.png]]

[[ATTACHMENT|invoices-invoice-calculati-29518-le-decimal-values-correctly-chromium-retry2/video.webm]]

[[ATTACHMENT|invoices-invoice-calculati-29518-le-decimal-values-correctly-chromium-retry2/error-context.md]]
]]>
</system-out>
</testcase>
<testcase name="Invoice Global Financial Calculations › Calculations handle zero and empty values correctly" classname="invoices/invoice-calculations.spec.ts" time="48.124">
<failure message="invoice-calculations.spec.ts:102:7 Calculations handle zero and empty values correctly" type="FAILURE">
<![CDATA[  [chromium] › invoices/invoice-calculations.spec.ts:102:7 › Invoice Global Financial Calculations › Calculations handle zero and empty values correctly 

    TimeoutError: locator.click: Timeout 15000ms exceeded.
    Call log:
      - waiting for locator('input[name="email"], input[type="email"], #email')


       at ../pages/base.page.ts:58

      56 |    */
      57 |   async fillField(locator: Locator, value: string) {
    > 58 |     await locator.click();
         |                   ^
      59 |     await locator.clear();
      60 |     await locator.fill(value);
      61 |   }
        at LoginPage.fillField (/app/pages/base.page.ts:58:19)
        at LoginPage.login (/app/pages/login.page.ts:33:16)
        at LoginPage.quickLogin (/app/pages/login.page.ts:58:16)
        at Object.authenticatedPage (/app/fixtures/auth.fixture.ts:12:5)

    attachment #1: screenshot (image/png) ──────────────────────────────────────────────────────────
    ../test-results/invoices-invoice-calculati-e04f9--and-empty-values-correctly-chromium/test-failed-1.png
    ────────────────────────────────────────────────────────────────────────────────────────────────

    attachment #2: video (video/webm) ──────────────────────────────────────────────────────────────
    ../test-results/invoices-invoice-calculati-e04f9--and-empty-values-correctly-chromium/video.webm
    ────────────────────────────────────────────────────────────────────────────────────────────────

    Error Context: ../test-results/invoices-invoice-calculati-e04f9--and-empty-values-correctly-chromium/error-context.md

    Retry #1 ───────────────────────────────────────────────────────────────────────────────────────

    TimeoutError: locator.click: Timeout 15000ms exceeded.
    Call log:
      - waiting for locator('input[name="email"], input[type="email"], #email')


       at ../pages/base.page.ts:58

      56 |    */
      57 |   async fillField(locator: Locator, value: string) {
    > 58 |     await locator.click();
         |                   ^
      59 |     await locator.clear();
      60 |     await locator.fill(value);
      61 |   }
        at LoginPage.fillField (/app/pages/base.page.ts:58:19)
        at LoginPage.login (/app/pages/login.page.ts:33:16)
        at LoginPage.quickLogin (/app/pages/login.page.ts:58:16)
        at Object.authenticatedPage (/app/fixtures/auth.fixture.ts:12:5)

    attachment #1: screenshot (image/png) ──────────────────────────────────────────────────────────
    ../test-results/invoices-invoice-calculati-e04f9--and-empty-values-correctly-chromium-retry1/test-failed-1.png
    ────────────────────────────────────────────────────────────────────────────────────────────────

    attachment #2: video (video/webm) ──────────────────────────────────────────────────────────────
    ../test-results/invoices-invoice-calculati-e04f9--and-empty-values-correctly-chromium-retry1/video.webm
    ────────────────────────────────────────────────────────────────────────────────────────────────

    Error Context: ../test-results/invoices-invoice-calculati-e04f9--and-empty-values-correctly-chromium-retry1/error-context.md

    attachment #4: trace (application/zip) ─────────────────────────────────────────────────────────
    ../test-results/invoices-invoice-calculati-e04f9--and-empty-values-correctly-chromium-retry1/trace.zip
    Usage:

        npx playwright show-trace ../test-results/invoices-invoice-calculati-e04f9--and-empty-values-correctly-chromium-retry1/trace.zip

    ────────────────────────────────────────────────────────────────────────────────────────────────

    Retry #2 ───────────────────────────────────────────────────────────────────────────────────────

    TimeoutError: locator.click: Timeout 15000ms exceeded.
    Call log:
      - waiting for locator('input[name="email"], input[type="email"], #email')


       at ../pages/base.page.ts:58

      56 |    */
      57 |   async fillField(locator: Locator, value: string) {
    > 58 |     await locator.click();
         |                   ^
      59 |     await locator.clear();
      60 |     await locator.fill(value);
      61 |   }
        at LoginPage.fillField (/app/pages/base.page.ts:58:19)
        at LoginPage.login (/app/pages/login.page.ts:33:16)
        at LoginPage.quickLogin (/app/pages/login.page.ts:58:16)
        at Object.authenticatedPage (/app/fixtures/auth.fixture.ts:12:5)

    attachment #1: screenshot (image/png) ──────────────────────────────────────────────────────────
    ../test-results/invoices-invoice-calculati-e04f9--and-empty-values-correctly-chromium-retry2/test-failed-1.png
    ────────────────────────────────────────────────────────────────────────────────────────────────

    attachment #2: video (video/webm) ──────────────────────────────────────────────────────────────
    ../test-results/invoices-invoice-calculati-e04f9--and-empty-values-correctly-chromium-retry2/video.webm
    ────────────────────────────────────────────────────────────────────────────────────────────────

    Error Context: ../test-results/invoices-invoice-calculati-e04f9--and-empty-values-correctly-chromium-retry2/error-context.md
]]>
</failure>
<system-out>
<![CDATA[
[[ATTACHMENT|invoices-invoice-calculati-e04f9--and-empty-values-correctly-chromium/test-failed-1.png]]

[[ATTACHMENT|invoices-invoice-calculati-e04f9--and-empty-values-correctly-chromium/video.webm]]

[[ATTACHMENT|invoices-invoice-calculati-e04f9--and-empty-values-correctly-chromium/error-context.md]]

[[ATTACHMENT|invoices-invoice-calculati-e04f9--and-empty-values-correctly-chromium-retry1/test-failed-1.png]]

[[ATTACHMENT|invoices-invoice-calculati-e04f9--and-empty-values-correctly-chromium-retry1/video.webm]]

[[ATTACHMENT|invoices-invoice-calculati-e04f9--and-empty-values-correctly-chromium-retry1/error-context.md]]

[[ATTACHMENT|invoices-invoice-calculati-e04f9--and-empty-values-correctly-chromium-retry1/trace.zip]]

[[ATTACHMENT|invoices-invoice-calculati-e04f9--and-empty-values-correctly-chromium-retry2/test-failed-1.png]]

[[ATTACHMENT|invoices-invoice-calculati-e04f9--and-empty-values-correctly-chromium-retry2/video.webm]]

[[ATTACHMENT|invoices-invoice-calculati-e04f9--and-empty-values-correctly-chromium-retry2/error-context.md]]
]]>
</system-out>
</testcase>
<testcase name="Invoice Global Financial Calculations › Multiple line items interact correctly with global financial fields" classname="invoices/invoice-calculations.spec.ts" time="48.258">
<failure message="invoice-calculations.spec.ts:130:7 Multiple line items interact correctly with global financial fields" type="FAILURE">
<![CDATA[  [chromium] › invoices/invoice-calculations.spec.ts:130:7 › Invoice Global Financial Calculations › Multiple line items interact correctly with global financial fields 

    TimeoutError: locator.click: Timeout 15000ms exceeded.
    Call log:
      - waiting for locator('input[name="email"], input[type="email"], #email')


       at ../pages/base.page.ts:58

      56 |    */
      57 |   async fillField(locator: Locator, value: string) {
    > 58 |     await locator.click();
         |                   ^
      59 |     await locator.clear();
      60 |     await locator.fill(value);
      61 |   }
        at LoginPage.fillField (/app/pages/base.page.ts:58:19)
        at LoginPage.login (/app/pages/login.page.ts:33:16)
        at LoginPage.quickLogin (/app/pages/login.page.ts:58:16)
        at Object.authenticatedPage (/app/fixtures/auth.fixture.ts:12:5)

    attachment #1: screenshot (image/png) ──────────────────────────────────────────────────────────
    ../test-results/invoices-invoice-calculati-4ab39-ith-global-financial-fields-chromium/test-failed-1.png
    ────────────────────────────────────────────────────────────────────────────────────────────────

    attachment #2: video (video/webm) ──────────────────────────────────────────────────────────────
    ../test-results/invoices-invoice-calculati-4ab39-ith-global-financial-fields-chromium/video.webm
    ────────────────────────────────────────────────────────────────────────────────────────────────

    Error Context: ../test-results/invoices-invoice-calculati-4ab39-ith-global-financial-fields-chromium/error-context.md

    Retry #1 ───────────────────────────────────────────────────────────────────────────────────────

    TimeoutError: locator.click: Timeout 15000ms exceeded.
    Call log:
      - waiting for locator('input[name="email"], input[type="email"], #email')


       at ../pages/base.page.ts:58

      56 |    */
      57 |   async fillField(locator: Locator, value: string) {
    > 58 |     await locator.click();
         |                   ^
      59 |     await locator.clear();
      60 |     await locator.fill(value);
      61 |   }
        at LoginPage.fillField (/app/pages/base.page.ts:58:19)
        at LoginPage.login (/app/pages/login.page.ts:33:16)
        at LoginPage.quickLogin (/app/pages/login.page.ts:58:16)
        at Object.authenticatedPage (/app/fixtures/auth.fixture.ts:12:5)

    attachment #1: screenshot (image/png) ──────────────────────────────────────────────────────────
    ../test-results/invoices-invoice-calculati-4ab39-ith-global-financial-fields-chromium-retry1/test-failed-1.png
    ────────────────────────────────────────────────────────────────────────────────────────────────

    attachment #2: video (video/webm) ──────────────────────────────────────────────────────────────
    ../test-results/invoices-invoice-calculati-4ab39-ith-global-financial-fields-chromium-retry1/video.webm
    ────────────────────────────────────────────────────────────────────────────────────────────────

    Error Context: ../test-results/invoices-invoice-calculati-4ab39-ith-global-financial-fields-chromium-retry1/error-context.md

    attachment #4: trace (application/zip) ─────────────────────────────────────────────────────────
    ../test-results/invoices-invoice-calculati-4ab39-ith-global-financial-fields-chromium-retry1/trace.zip
    Usage:

        npx playwright show-trace ../test-results/invoices-invoice-calculati-4ab39-ith-global-financial-fields-chromium-retry1/trace.zip

    ────────────────────────────────────────────────────────────────────────────────────────────────

    Retry #2 ───────────────────────────────────────────────────────────────────────────────────────

    TimeoutError: locator.click: Timeout 15000ms exceeded.
    Call log:
      - waiting for locator('input[name="email"], input[type="email"], #email')


       at ../pages/base.page.ts:58

      56 |    */
      57 |   async fillField(locator: Locator, value: string) {
    > 58 |     await locator.click();
         |                   ^
      59 |     await locator.clear();
      60 |     await locator.fill(value);
      61 |   }
        at LoginPage.fillField (/app/pages/base.page.ts:58:19)
        at LoginPage.login (/app/pages/login.page.ts:33:16)
        at LoginPage.quickLogin (/app/pages/login.page.ts:58:16)
        at Object.authenticatedPage (/app/fixtures/auth.fixture.ts:12:5)

    attachment #1: screenshot (image/png) ──────────────────────────────────────────────────────────
    ../test-results/invoices-invoice-calculati-4ab39-ith-global-financial-fields-chromium-retry2/test-failed-1.png
    ────────────────────────────────────────────────────────────────────────────────────────────────

    attachment #2: video (video/webm) ──────────────────────────────────────────────────────────────
    ../test-results/invoices-invoice-calculati-4ab39-ith-global-financial-fields-chromium-retry2/video.webm
    ────────────────────────────────────────────────────────────────────────────────────────────────

    Error Context: ../test-results/invoices-invoice-calculati-4ab39-ith-global-financial-fields-chromium-retry2/error-context.md
]]>
</failure>
<system-out>
<![CDATA[
[[ATTACHMENT|invoices-invoice-calculati-4ab39-ith-global-financial-fields-chromium/test-failed-1.png]]

[[ATTACHMENT|invoices-invoice-calculati-4ab39-ith-global-financial-fields-chromium/video.webm]]

[[ATTACHMENT|invoices-invoice-calculati-4ab39-ith-global-financial-fields-chromium/error-context.md]]

[[ATTACHMENT|invoices-invoice-calculati-4ab39-ith-global-financial-fields-chromium-retry1/test-failed-1.png]]

[[ATTACHMENT|invoices-invoice-calculati-4ab39-ith-global-financial-fields-chromium-retry1/video.webm]]

[[ATTACHMENT|invoices-invoice-calculati-4ab39-ith-global-financial-fields-chromium-retry1/error-context.md]]

[[ATTACHMENT|invoices-invoice-calculati-4ab39-ith-global-financial-fields-chromium-retry1/trace.zip]]

[[ATTACHMENT|invoices-invoice-calculati-4ab39-ith-global-financial-fields-chromium-retry2/test-failed-1.png]]

[[ATTACHMENT|invoices-invoice-calculati-4ab39-ith-global-financial-fields-chromium-retry2/video.webm]]

[[ATTACHMENT|invoices-invoice-calculati-4ab39-ith-global-financial-fields-chromium-retry2/error-context.md]]
]]>
</system-out>
</testcase>
<testcase name="Invoice Global Financial Calculations › Color coding works for different field types" classname="invoices/invoice-calculations.spec.ts" time="48.071">
<failure message="invoice-calculations.spec.ts:164:7 Color coding works for different field types" type="FAILURE">
<![CDATA[  [chromium] › invoices/invoice-calculations.spec.ts:164:7 › Invoice Global Financial Calculations › Color coding works for different field types 

    TimeoutError: locator.click: Timeout 15000ms exceeded.
    Call log:
      - waiting for locator('input[name="email"], input[type="email"], #email')


       at ../pages/base.page.ts:58

      56 |    */
      57 |   async fillField(locator: Locator, value: string) {
    > 58 |     await locator.click();
         |                   ^
      59 |     await locator.clear();
      60 |     await locator.fill(value);
      61 |   }
        at LoginPage.fillField (/app/pages/base.page.ts:58:19)
        at LoginPage.login (/app/pages/login.page.ts:33:16)
        at LoginPage.quickLogin (/app/pages/login.page.ts:58:16)
        at Object.authenticatedPage (/app/fixtures/auth.fixture.ts:12:5)

    attachment #1: screenshot (image/png) ──────────────────────────────────────────────────────────
    ../test-results/invoices-invoice-calculati-7a221-s-for-different-field-types-chromium/test-failed-1.png
    ────────────────────────────────────────────────────────────────────────────────────────────────

    attachment #2: video (video/webm) ──────────────────────────────────────────────────────────────
    ../test-results/invoices-invoice-calculati-7a221-s-for-different-field-types-chromium/video.webm
    ────────────────────────────────────────────────────────────────────────────────────────────────

    Error Context: ../test-results/invoices-invoice-calculati-7a221-s-for-different-field-types-chromium/error-context.md

    Retry #1 ───────────────────────────────────────────────────────────────────────────────────────

    TimeoutError: locator.click: Timeout 15000ms exceeded.
    Call log:
      - waiting for locator('input[name="email"], input[type="email"], #email')


       at ../pages/base.page.ts:58

      56 |    */
      57 |   async fillField(locator: Locator, value: string) {
    > 58 |     await locator.click();
         |                   ^
      59 |     await locator.clear();
      60 |     await locator.fill(value);
      61 |   }
        at LoginPage.fillField (/app/pages/base.page.ts:58:19)
        at LoginPage.login (/app/pages/login.page.ts:33:16)
        at LoginPage.quickLogin (/app/pages/login.page.ts:58:16)
        at Object.authenticatedPage (/app/fixtures/auth.fixture.ts:12:5)

    attachment #1: screenshot (image/png) ──────────────────────────────────────────────────────────
    ../test-results/invoices-invoice-calculati-7a221-s-for-different-field-types-chromium-retry1/test-failed-1.png
    ────────────────────────────────────────────────────────────────────────────────────────────────

    attachment #2: video (video/webm) ──────────────────────────────────────────────────────────────
    ../test-results/invoices-invoice-calculati-7a221-s-for-different-field-types-chromium-retry1/video.webm
    ────────────────────────────────────────────────────────────────────────────────────────────────

    Error Context: ../test-results/invoices-invoice-calculati-7a221-s-for-different-field-types-chromium-retry1/error-context.md

    attachment #4: trace (application/zip) ─────────────────────────────────────────────────────────
    ../test-results/invoices-invoice-calculati-7a221-s-for-different-field-types-chromium-retry1/trace.zip
    Usage:

        npx playwright show-trace ../test-results/invoices-invoice-calculati-7a221-s-for-different-field-types-chromium-retry1/trace.zip

    ────────────────────────────────────────────────────────────────────────────────────────────────

    Retry #2 ───────────────────────────────────────────────────────────────────────────────────────

    TimeoutError: locator.click: Timeout 15000ms exceeded.
    Call log:
      - waiting for locator('input[name="email"], input[type="email"], #email')


       at ../pages/base.page.ts:58

      56 |    */
      57 |   async fillField(locator: Locator, value: string) {
    > 58 |     await locator.click();
         |                   ^
      59 |     await locator.clear();
      60 |     await locator.fill(value);
      61 |   }
        at LoginPage.fillField (/app/pages/base.page.ts:58:19)
        at LoginPage.login (/app/pages/login.page.ts:33:16)
        at LoginPage.quickLogin (/app/pages/login.page.ts:58:16)
        at Object.authenticatedPage (/app/fixtures/auth.fixture.ts:12:5)

    attachment #1: screenshot (image/png) ──────────────────────────────────────────────────────────
    ../test-results/invoices-invoice-calculati-7a221-s-for-different-field-types-chromium-retry2/test-failed-1.png
    ────────────────────────────────────────────────────────────────────────────────────────────────

    attachment #2: video (video/webm) ──────────────────────────────────────────────────────────────
    ../test-results/invoices-invoice-calculati-7a221-s-for-different-field-types-chromium-retry2/video.webm
    ────────────────────────────────────────────────────────────────────────────────────────────────

    Error Context: ../test-results/invoices-invoice-calculati-7a221-s-for-different-field-types-chromium-retry2/error-context.md
]]>
</failure>
<system-out>
<![CDATA[
[[ATTACHMENT|invoices-invoice-calculati-7a221-s-for-different-field-types-chromium/test-failed-1.png]]

[[ATTACHMENT|invoices-invoice-calculati-7a221-s-for-different-field-types-chromium/video.webm]]

[[ATTACHMENT|invoices-invoice-calculati-7a221-s-for-different-field-types-chromium/error-context.md]]

[[ATTACHMENT|invoices-invoice-calculati-7a221-s-for-different-field-types-chromium-retry1/test-failed-1.png]]

[[ATTACHMENT|invoices-invoice-calculati-7a221-s-for-different-field-types-chromium-retry1/video.webm]]

[[ATTACHMENT|invoices-invoice-calculati-7a221-s-for-different-field-types-chromium-retry1/error-context.md]]

[[ATTACHMENT|invoices-invoice-calculati-7a221-s-for-different-field-types-chromium-retry1/trace.zip]]

[[ATTACHMENT|invoices-invoice-calculati-7a221-s-for-different-field-types-chromium-retry2/test-failed-1.png]]

[[ATTACHMENT|invoices-invoice-calculati-7a221-s-for-different-field-types-chromium-retry2/video.webm]]

[[ATTACHMENT|invoices-invoice-calculati-7a221-s-for-different-field-types-chromium-retry2/error-context.md]]
]]>
</system-out>
</testcase>
<testcase name="Invoice Global Financial Calculations › Form validation for global financial fields" classname="invoices/invoice-calculations.spec.ts" time="48.098">
<failure message="invoice-calculations.spec.ts:194:7 Form validation for global financial fields" type="FAILURE">
<![CDATA[  [chromium] › invoices/invoice-calculations.spec.ts:194:7 › Invoice Global Financial Calculations › Form validation for global financial fields 

    TimeoutError: locator.click: Timeout 15000ms exceeded.
    Call log:
      - waiting for locator('input[name="email"], input[type="email"], #email')


       at ../pages/base.page.ts:58

      56 |    */
      57 |   async fillField(locator: Locator, value: string) {
    > 58 |     await locator.click();
         |                   ^
      59 |     await locator.clear();
      60 |     await locator.fill(value);
      61 |   }
        at LoginPage.fillField (/app/pages/base.page.ts:58:19)
        at LoginPage.login (/app/pages/login.page.ts:33:16)
        at LoginPage.quickLogin (/app/pages/login.page.ts:58:16)
        at Object.authenticatedPage (/app/fixtures/auth.fixture.ts:12:5)

    attachment #1: screenshot (image/png) ──────────────────────────────────────────────────────────
    ../test-results/invoices-invoice-calculati-84ffc-for-global-financial-fields-chromium/test-failed-1.png
    ────────────────────────────────────────────────────────────────────────────────────────────────

    attachment #2: video (video/webm) ──────────────────────────────────────────────────────────────
    ../test-results/invoices-invoice-calculati-84ffc-for-global-financial-fields-chromium/video.webm
    ────────────────────────────────────────────────────────────────────────────────────────────────

    Error Context: ../test-results/invoices-invoice-calculati-84ffc-for-global-financial-fields-chromium/error-context.md

    Retry #1 ───────────────────────────────────────────────────────────────────────────────────────

    TimeoutError: locator.click: Timeout 15000ms exceeded.
    Call log:
      - waiting for locator('input[name="email"], input[type="email"], #email')


       at ../pages/base.page.ts:58

      56 |    */
      57 |   async fillField(locator: Locator, value: string) {
    > 58 |     await locator.click();
         |                   ^
      59 |     await locator.clear();
      60 |     await locator.fill(value);
      61 |   }
        at LoginPage.fillField (/app/pages/base.page.ts:58:19)
        at LoginPage.login (/app/pages/login.page.ts:33:16)
        at LoginPage.quickLogin (/app/pages/login.page.ts:58:16)
        at Object.authenticatedPage (/app/fixtures/auth.fixture.ts:12:5)

    attachment #1: screenshot (image/png) ──────────────────────────────────────────────────────────
    ../test-results/invoices-invoice-calculati-84ffc-for-global-financial-fields-chromium-retry1/test-failed-1.png
    ────────────────────────────────────────────────────────────────────────────────────────────────

    attachment #2: video (video/webm) ──────────────────────────────────────────────────────────────
    ../test-results/invoices-invoice-calculati-84ffc-for-global-financial-fields-chromium-retry1/video.webm
    ────────────────────────────────────────────────────────────────────────────────────────────────

    Error Context: ../test-results/invoices-invoice-calculati-84ffc-for-global-financial-fields-chromium-retry1/error-context.md

    attachment #4: trace (application/zip) ─────────────────────────────────────────────────────────
    ../test-results/invoices-invoice-calculati-84ffc-for-global-financial-fields-chromium-retry1/trace.zip
    Usage:

        npx playwright show-trace ../test-results/invoices-invoice-calculati-84ffc-for-global-financial-fields-chromium-retry1/trace.zip

    ────────────────────────────────────────────────────────────────────────────────────────────────

    Retry #2 ───────────────────────────────────────────────────────────────────────────────────────

    TimeoutError: locator.click: Timeout 15000ms exceeded.
    Call log:
      - waiting for locator('input[name="email"], input[type="email"], #email')


       at ../pages/base.page.ts:58

      56 |    */
      57 |   async fillField(locator: Locator, value: string) {
    > 58 |     await locator.click();
         |                   ^
      59 |     await locator.clear();
      60 |     await locator.fill(value);
      61 |   }
        at LoginPage.fillField (/app/pages/base.page.ts:58:19)
        at LoginPage.login (/app/pages/login.page.ts:33:16)
        at LoginPage.quickLogin (/app/pages/login.page.ts:58:16)
        at Object.authenticatedPage (/app/fixtures/auth.fixture.ts:12:5)

    attachment #1: screenshot (image/png) ──────────────────────────────────────────────────────────
    ../test-results/invoices-invoice-calculati-84ffc-for-global-financial-fields-chromium-retry2/test-failed-1.png
    ────────────────────────────────────────────────────────────────────────────────────────────────

    attachment #2: video (video/webm) ──────────────────────────────────────────────────────────────
    ../test-results/invoices-invoice-calculati-84ffc-for-global-financial-fields-chromium-retry2/video.webm
    ────────────────────────────────────────────────────────────────────────────────────────────────

    Error Context: ../test-results/invoices-invoice-calculati-84ffc-for-global-financial-fields-chromium-retry2/error-context.md
]]>
</failure>
<system-out>
<![CDATA[
[[ATTACHMENT|invoices-invoice-calculati-84ffc-for-global-financial-fields-chromium/test-failed-1.png]]

[[ATTACHMENT|invoices-invoice-calculati-84ffc-for-global-financial-fields-chromium/video.webm]]

[[ATTACHMENT|invoices-invoice-calculati-84ffc-for-global-financial-fields-chromium/error-context.md]]

[[ATTACHMENT|invoices-invoice-calculati-84ffc-for-global-financial-fields-chromium-retry1/test-failed-1.png]]

[[ATTACHMENT|invoices-invoice-calculati-84ffc-for-global-financial-fields-chromium-retry1/video.webm]]

[[ATTACHMENT|invoices-invoice-calculati-84ffc-for-global-financial-fields-chromium-retry1/error-context.md]]

[[ATTACHMENT|invoices-invoice-calculati-84ffc-for-global-financial-fields-chromium-retry1/trace.zip]]

[[ATTACHMENT|invoices-invoice-calculati-84ffc-for-global-financial-fields-chromium-retry2/test-failed-1.png]]

[[ATTACHMENT|invoices-invoice-calculati-84ffc-for-global-financial-fields-chromium-retry2/video.webm]]

[[ATTACHMENT|invoices-invoice-calculati-84ffc-for-global-financial-fields-chromium-retry2/error-context.md]]
]]>
</system-out>
</testcase>
</testsuite>
<testsuite name="workflows/sla-tracking.spec.ts" timestamp="2025-09-25T07:53:49.510Z" hostname="chromium" tests="9" failures="9" skipped="0" time="436.953" errors="0">
<testcase name="SLA Tracking System › SLA indicators on invoices index page › displays correct SLA status indicators for different invoice states" classname="workflows/sla-tracking.spec.ts" time="48.494">
<failure message="sla-tracking.spec.ts:26:9 displays correct SLA status indicators for different invoice states" type="FAILURE">
<![CDATA[  [chromium] › workflows/sla-tracking.spec.ts:26:9 › SLA Tracking System › SLA indicators on invoices index page › displays correct SLA status indicators for different invoice states 

    TimeoutError: locator.click: Timeout 15000ms exceeded.
    Call log:
      - waiting for locator('input[name="email"], input[type="email"], #email')


       at ../pages/base.page.ts:58

      56 |    */
      57 |   async fillField(locator: Locator, value: string) {
    > 58 |     await locator.click();
         |                   ^
      59 |     await locator.clear();
      60 |     await locator.fill(value);
      61 |   }
        at LoginPage.fillField (/app/pages/base.page.ts:58:19)
        at LoginPage.login (/app/pages/login.page.ts:33:16)
        at LoginPage.quickLogin (/app/pages/login.page.ts:58:16)
        at Object.authenticatedPage (/app/fixtures/auth.fixture.ts:12:5)

    attachment #1: screenshot (image/png) ──────────────────────────────────────────────────────────
    ../test-results/workflows-sla-tracking-SLA-15e09-or-different-invoice-states-chromium/test-failed-1.png
    ────────────────────────────────────────────────────────────────────────────────────────────────

    attachment #2: video (video/webm) ──────────────────────────────────────────────────────────────
    ../test-results/workflows-sla-tracking-SLA-15e09-or-different-invoice-states-chromium/video.webm
    ────────────────────────────────────────────────────────────────────────────────────────────────

    Error Context: ../test-results/workflows-sla-tracking-SLA-15e09-or-different-invoice-states-chromium/error-context.md

    Retry #1 ───────────────────────────────────────────────────────────────────────────────────────

    TimeoutError: locator.click: Timeout 15000ms exceeded.
    Call log:
      - waiting for locator('input[name="email"], input[type="email"], #email')


       at ../pages/base.page.ts:58

      56 |    */
      57 |   async fillField(locator: Locator, value: string) {
    > 58 |     await locator.click();
         |                   ^
      59 |     await locator.clear();
      60 |     await locator.fill(value);
      61 |   }
        at LoginPage.fillField (/app/pages/base.page.ts:58:19)
        at LoginPage.login (/app/pages/login.page.ts:33:16)
        at LoginPage.quickLogin (/app/pages/login.page.ts:58:16)
        at Object.authenticatedPage (/app/fixtures/auth.fixture.ts:12:5)

    attachment #1: screenshot (image/png) ──────────────────────────────────────────────────────────
    ../test-results/workflows-sla-tracking-SLA-15e09-or-different-invoice-states-chromium-retry1/test-failed-1.png
    ────────────────────────────────────────────────────────────────────────────────────────────────

    attachment #2: video (video/webm) ──────────────────────────────────────────────────────────────
    ../test-results/workflows-sla-tracking-SLA-15e09-or-different-invoice-states-chromium-retry1/video.webm
    ────────────────────────────────────────────────────────────────────────────────────────────────

    Error Context: ../test-results/workflows-sla-tracking-SLA-15e09-or-different-invoice-states-chromium-retry1/error-context.md

    attachment #4: trace (application/zip) ─────────────────────────────────────────────────────────
    ../test-results/workflows-sla-tracking-SLA-15e09-or-different-invoice-states-chromium-retry1/trace.zip
    Usage:

        npx playwright show-trace ../test-results/workflows-sla-tracking-SLA-15e09-or-different-invoice-states-chromium-retry1/trace.zip

    ────────────────────────────────────────────────────────────────────────────────────────────────

    Retry #2 ───────────────────────────────────────────────────────────────────────────────────────

    TimeoutError: locator.click: Timeout 15000ms exceeded.
    Call log:
      - waiting for locator('input[name="email"], input[type="email"], #email')


       at ../pages/base.page.ts:58

      56 |    */
      57 |   async fillField(locator: Locator, value: string) {
    > 58 |     await locator.click();
         |                   ^
      59 |     await locator.clear();
      60 |     await locator.fill(value);
      61 |   }
        at LoginPage.fillField (/app/pages/base.page.ts:58:19)
        at LoginPage.login (/app/pages/login.page.ts:33:16)
        at LoginPage.quickLogin (/app/pages/login.page.ts:58:16)
        at Object.authenticatedPage (/app/fixtures/auth.fixture.ts:12:5)

    attachment #1: screenshot (image/png) ──────────────────────────────────────────────────────────
    ../test-results/workflows-sla-tracking-SLA-15e09-or-different-invoice-states-chromium-retry2/test-failed-1.png
    ────────────────────────────────────────────────────────────────────────────────────────────────

    attachment #2: video (video/webm) ──────────────────────────────────────────────────────────────
    ../test-results/workflows-sla-tracking-SLA-15e09-or-different-invoice-states-chromium-retry2/video.webm
    ────────────────────────────────────────────────────────────────────────────────────────────────

    Error Context: ../test-results/workflows-sla-tracking-SLA-15e09-or-different-invoice-states-chromium-retry2/error-context.md
]]>
</failure>
<system-out>
<![CDATA[
[[ATTACHMENT|workflows-sla-tracking-SLA-15e09-or-different-invoice-states-chromium/test-failed-1.png]]

[[ATTACHMENT|workflows-sla-tracking-SLA-15e09-or-different-invoice-states-chromium/video.webm]]

[[ATTACHMENT|workflows-sla-tracking-SLA-15e09-or-different-invoice-states-chromium/error-context.md]]

[[ATTACHMENT|workflows-sla-tracking-SLA-15e09-or-different-invoice-states-chromium-retry1/test-failed-1.png]]

[[ATTACHMENT|workflows-sla-tracking-SLA-15e09-or-different-invoice-states-chromium-retry1/video.webm]]

[[ATTACHMENT|workflows-sla-tracking-SLA-15e09-or-different-invoice-states-chromium-retry1/error-context.md]]

[[ATTACHMENT|workflows-sla-tracking-SLA-15e09-or-different-invoice-states-chromium-retry1/trace.zip]]

[[ATTACHMENT|workflows-sla-tracking-SLA-15e09-or-different-invoice-states-chromium-retry2/test-failed-1.png]]

[[ATTACHMENT|workflows-sla-tracking-SLA-15e09-or-different-invoice-states-chromium-retry2/video.webm]]

[[ATTACHMENT|workflows-sla-tracking-SLA-15e09-or-different-invoice-states-chromium-retry2/error-context.md]]
]]>
</system-out>
</testcase>
<testcase name="SLA Tracking System › SLA indicators on invoices index page › displays warning indicator for approaching deadlines" classname="workflows/sla-tracking.spec.ts" time="48.555">
<failure message="sla-tracking.spec.ts:45:9 displays warning indicator for approaching deadlines" type="FAILURE">
<![CDATA[  [chromium] › workflows/sla-tracking.spec.ts:45:9 › SLA Tracking System › SLA indicators on invoices index page › displays warning indicator for approaching deadlines 

    TimeoutError: locator.click: Timeout 15000ms exceeded.
    Call log:
      - waiting for locator('input[name="email"], input[type="email"], #email')


       at ../pages/base.page.ts:58

      56 |    */
      57 |   async fillField(locator: Locator, value: string) {
    > 58 |     await locator.click();
         |                   ^
      59 |     await locator.clear();
      60 |     await locator.fill(value);
      61 |   }
        at LoginPage.fillField (/app/pages/base.page.ts:58:19)
        at LoginPage.login (/app/pages/login.page.ts:33:16)
        at LoginPage.quickLogin (/app/pages/login.page.ts:58:16)
        at Object.authenticatedPage (/app/fixtures/auth.fixture.ts:12:5)

    attachment #1: screenshot (image/png) ──────────────────────────────────────────────────────────
    ../test-results/workflows-sla-tracking-SLA-87986-r-for-approaching-deadlines-chromium/test-failed-1.png
    ────────────────────────────────────────────────────────────────────────────────────────────────

    attachment #2: video (video/webm) ──────────────────────────────────────────────────────────────
    ../test-results/workflows-sla-tracking-SLA-87986-r-for-approaching-deadlines-chromium/video.webm
    ────────────────────────────────────────────────────────────────────────────────────────────────

    Error Context: ../test-results/workflows-sla-tracking-SLA-87986-r-for-approaching-deadlines-chromium/error-context.md

    Retry #1 ───────────────────────────────────────────────────────────────────────────────────────

    TimeoutError: locator.click: Timeout 15000ms exceeded.
    Call log:
      - waiting for locator('input[name="email"], input[type="email"], #email')


       at ../pages/base.page.ts:58

      56 |    */
      57 |   async fillField(locator: Locator, value: string) {
    > 58 |     await locator.click();
         |                   ^
      59 |     await locator.clear();
      60 |     await locator.fill(value);
      61 |   }
        at LoginPage.fillField (/app/pages/base.page.ts:58:19)
        at LoginPage.login (/app/pages/login.page.ts:33:16)
        at LoginPage.quickLogin (/app/pages/login.page.ts:58:16)
        at Object.authenticatedPage (/app/fixtures/auth.fixture.ts:12:5)

    attachment #1: screenshot (image/png) ──────────────────────────────────────────────────────────
    ../test-results/workflows-sla-tracking-SLA-87986-r-for-approaching-deadlines-chromium-retry1/test-failed-1.png
    ────────────────────────────────────────────────────────────────────────────────────────────────

    attachment #2: video (video/webm) ──────────────────────────────────────────────────────────────
    ../test-results/workflows-sla-tracking-SLA-87986-r-for-approaching-deadlines-chromium-retry1/video.webm
    ────────────────────────────────────────────────────────────────────────────────────────────────

    Error Context: ../test-results/workflows-sla-tracking-SLA-87986-r-for-approaching-deadlines-chromium-retry1/error-context.md

    attachment #4: trace (application/zip) ─────────────────────────────────────────────────────────
    ../test-results/workflows-sla-tracking-SLA-87986-r-for-approaching-deadlines-chromium-retry1/trace.zip
    Usage:

        npx playwright show-trace ../test-results/workflows-sla-tracking-SLA-87986-r-for-approaching-deadlines-chromium-retry1/trace.zip

    ────────────────────────────────────────────────────────────────────────────────────────────────

    Retry #2 ───────────────────────────────────────────────────────────────────────────────────────

    TimeoutError: locator.click: Timeout 15000ms exceeded.
    Call log:
      - waiting for locator('input[name="email"], input[type="email"], #email')


       at ../pages/base.page.ts:58

      56 |    */
      57 |   async fillField(locator: Locator, value: string) {
    > 58 |     await locator.click();
         |                   ^
      59 |     await locator.clear();
      60 |     await locator.fill(value);
      61 |   }
        at LoginPage.fillField (/app/pages/base.page.ts:58:19)
        at LoginPage.login (/app/pages/login.page.ts:33:16)
        at LoginPage.quickLogin (/app/pages/login.page.ts:58:16)
        at Object.authenticatedPage (/app/fixtures/auth.fixture.ts:12:5)

    attachment #1: screenshot (image/png) ──────────────────────────────────────────────────────────
    ../test-results/workflows-sla-tracking-SLA-87986-r-for-approaching-deadlines-chromium-retry2/test-failed-1.png
    ────────────────────────────────────────────────────────────────────────────────────────────────

    attachment #2: video (video/webm) ──────────────────────────────────────────────────────────────
    ../test-results/workflows-sla-tracking-SLA-87986-r-for-approaching-deadlines-chromium-retry2/video.webm
    ────────────────────────────────────────────────────────────────────────────────────────────────

    Error Context: ../test-results/workflows-sla-tracking-SLA-87986-r-for-approaching-deadlines-chromium-retry2/error-context.md
]]>
</failure>
<system-out>
<![CDATA[
[[ATTACHMENT|workflows-sla-tracking-SLA-87986-r-for-approaching-deadlines-chromium/test-failed-1.png]]

[[ATTACHMENT|workflows-sla-tracking-SLA-87986-r-for-approaching-deadlines-chromium/video.webm]]

[[ATTACHMENT|workflows-sla-tracking-SLA-87986-r-for-approaching-deadlines-chromium/error-context.md]]

[[ATTACHMENT|workflows-sla-tracking-SLA-87986-r-for-approaching-deadlines-chromium-retry1/test-failed-1.png]]

[[ATTACHMENT|workflows-sla-tracking-SLA-87986-r-for-approaching-deadlines-chromium-retry1/video.webm]]

[[ATTACHMENT|workflows-sla-tracking-SLA-87986-r-for-approaching-deadlines-chromium-retry1/error-context.md]]

[[ATTACHMENT|workflows-sla-tracking-SLA-87986-r-for-approaching-deadlines-chromium-retry1/trace.zip]]

[[ATTACHMENT|workflows-sla-tracking-SLA-87986-r-for-approaching-deadlines-chromium-retry2/test-failed-1.png]]

[[ATTACHMENT|workflows-sla-tracking-SLA-87986-r-for-approaching-deadlines-chromium-retry2/video.webm]]

[[ATTACHMENT|workflows-sla-tracking-SLA-87986-r-for-approaching-deadlines-chromium-retry2/error-context.md]]
]]>
</system-out>
</testcase>
<testcase name="SLA Tracking System › SLA indicators on invoices index page › applies correct styling based on time remaining" classname="workflows/sla-tracking.spec.ts" time="48.592">
<failure message="sla-tracking.spec.ts:54:9 applies correct styling based on time remaining" type="FAILURE">
<![CDATA[  [chromium] › workflows/sla-tracking.spec.ts:54:9 › SLA Tracking System › SLA indicators on invoices index page › applies correct styling based on time remaining 

    TimeoutError: locator.click: Timeout 15000ms exceeded.
    Call log:
      - waiting for locator('input[name="email"], input[type="email"], #email')


       at ../pages/base.page.ts:58

      56 |    */
      57 |   async fillField(locator: Locator, value: string) {
    > 58 |     await locator.click();
         |                   ^
      59 |     await locator.clear();
      60 |     await locator.fill(value);
      61 |   }
        at LoginPage.fillField (/app/pages/base.page.ts:58:19)
        at LoginPage.login (/app/pages/login.page.ts:33:16)
        at LoginPage.quickLogin (/app/pages/login.page.ts:58:16)
        at Object.authenticatedPage (/app/fixtures/auth.fixture.ts:12:5)

    attachment #1: screenshot (image/png) ──────────────────────────────────────────────────────────
    ../test-results/workflows-sla-tracking-SLA-d49e4-ing-based-on-time-remaining-chromium/test-failed-1.png
    ────────────────────────────────────────────────────────────────────────────────────────────────

    attachment #2: video (video/webm) ──────────────────────────────────────────────────────────────
    ../test-results/workflows-sla-tracking-SLA-d49e4-ing-based-on-time-remaining-chromium/video.webm
    ────────────────────────────────────────────────────────────────────────────────────────────────

    Error Context: ../test-results/workflows-sla-tracking-SLA-d49e4-ing-based-on-time-remaining-chromium/error-context.md

    Retry #1 ───────────────────────────────────────────────────────────────────────────────────────

    TimeoutError: locator.click: Timeout 15000ms exceeded.
    Call log:
      - waiting for locator('input[name="email"], input[type="email"], #email')


       at ../pages/base.page.ts:58

      56 |    */
      57 |   async fillField(locator: Locator, value: string) {
    > 58 |     await locator.click();
         |                   ^
      59 |     await locator.clear();
      60 |     await locator.fill(value);
      61 |   }
        at LoginPage.fillField (/app/pages/base.page.ts:58:19)
        at LoginPage.login (/app/pages/login.page.ts:33:16)
        at LoginPage.quickLogin (/app/pages/login.page.ts:58:16)
        at Object.authenticatedPage (/app/fixtures/auth.fixture.ts:12:5)

    attachment #1: screenshot (image/png) ──────────────────────────────────────────────────────────
    ../test-results/workflows-sla-tracking-SLA-d49e4-ing-based-on-time-remaining-chromium-retry1/test-failed-1.png
    ────────────────────────────────────────────────────────────────────────────────────────────────

    attachment #2: video (video/webm) ──────────────────────────────────────────────────────────────
    ../test-results/workflows-sla-tracking-SLA-d49e4-ing-based-on-time-remaining-chromium-retry1/video.webm
    ────────────────────────────────────────────────────────────────────────────────────────────────

    Error Context: ../test-results/workflows-sla-tracking-SLA-d49e4-ing-based-on-time-remaining-chromium-retry1/error-context.md

    attachment #4: trace (application/zip) ─────────────────────────────────────────────────────────
    ../test-results/workflows-sla-tracking-SLA-d49e4-ing-based-on-time-remaining-chromium-retry1/trace.zip
    Usage:

        npx playwright show-trace ../test-results/workflows-sla-tracking-SLA-d49e4-ing-based-on-time-remaining-chromium-retry1/trace.zip

    ────────────────────────────────────────────────────────────────────────────────────────────────

    Retry #2 ───────────────────────────────────────────────────────────────────────────────────────

    TimeoutError: locator.click: Timeout 15000ms exceeded.
    Call log:
      - waiting for locator('input[name="email"], input[type="email"], #email')


       at ../pages/base.page.ts:58

      56 |    */
      57 |   async fillField(locator: Locator, value: string) {
    > 58 |     await locator.click();
         |                   ^
      59 |     await locator.clear();
      60 |     await locator.fill(value);
      61 |   }
        at LoginPage.fillField (/app/pages/base.page.ts:58:19)
        at LoginPage.login (/app/pages/login.page.ts:33:16)
        at LoginPage.quickLogin (/app/pages/login.page.ts:58:16)
        at Object.authenticatedPage (/app/fixtures/auth.fixture.ts:12:5)

    attachment #1: screenshot (image/png) ──────────────────────────────────────────────────────────
    ../test-results/workflows-sla-tracking-SLA-d49e4-ing-based-on-time-remaining-chromium-retry2/test-failed-1.png
    ────────────────────────────────────────────────────────────────────────────────────────────────

    attachment #2: video (video/webm) ──────────────────────────────────────────────────────────────
    ../test-results/workflows-sla-tracking-SLA-d49e4-ing-based-on-time-remaining-chromium-retry2/video.webm
    ────────────────────────────────────────────────────────────────────────────────────────────────

    Error Context: ../test-results/workflows-sla-tracking-SLA-d49e4-ing-based-on-time-remaining-chromium-retry2/error-context.md
]]>
</failure>
<system-out>
<![CDATA[
[[ATTACHMENT|workflows-sla-tracking-SLA-d49e4-ing-based-on-time-remaining-chromium/test-failed-1.png]]

[[ATTACHMENT|workflows-sla-tracking-SLA-d49e4-ing-based-on-time-remaining-chromium/video.webm]]

[[ATTACHMENT|workflows-sla-tracking-SLA-d49e4-ing-based-on-time-remaining-chromium/error-context.md]]

[[ATTACHMENT|workflows-sla-tracking-SLA-d49e4-ing-based-on-time-remaining-chromium-retry1/test-failed-1.png]]

[[ATTACHMENT|workflows-sla-tracking-SLA-d49e4-ing-based-on-time-remaining-chromium-retry1/video.webm]]

[[ATTACHMENT|workflows-sla-tracking-SLA-d49e4-ing-based-on-time-remaining-chromium-retry1/error-context.md]]

[[ATTACHMENT|workflows-sla-tracking-SLA-d49e4-ing-based-on-time-remaining-chromium-retry1/trace.zip]]

[[ATTACHMENT|workflows-sla-tracking-SLA-d49e4-ing-based-on-time-remaining-chromium-retry2/test-failed-1.png]]

[[ATTACHMENT|workflows-sla-tracking-SLA-d49e4-ing-based-on-time-remaining-chromium-retry2/video.webm]]

[[ATTACHMENT|workflows-sla-tracking-SLA-d49e4-ing-based-on-time-remaining-chromium-retry2/error-context.md]]
]]>
</system-out>
</testcase>
<testcase name="SLA Tracking System › detailed SLA information on workflow page › displays comprehensive SLA details for active invoices" classname="workflows/sla-tracking.spec.ts" time="48.486">
<failure message="sla-tracking.spec.ts:71:9 displays comprehensive SLA details for active invoices" type="FAILURE">
<![CDATA[  [chromium] › workflows/sla-tracking.spec.ts:71:9 › SLA Tracking System › detailed SLA information on workflow page › displays comprehensive SLA details for active invoices 

    TimeoutError: locator.click: Timeout 15000ms exceeded.
    Call log:
      - waiting for locator('input[name="email"], input[type="email"], #email')


       at ../pages/base.page.ts:58

      56 |    */
      57 |   async fillField(locator: Locator, value: string) {
    > 58 |     await locator.click();
         |                   ^
      59 |     await locator.clear();
      60 |     await locator.fill(value);
      61 |   }
        at LoginPage.fillField (/app/pages/base.page.ts:58:19)
        at LoginPage.login (/app/pages/login.page.ts:33:16)
        at LoginPage.quickLogin (/app/pages/login.page.ts:58:16)
        at Object.authenticatedPage (/app/fixtures/auth.fixture.ts:12:5)

    attachment #1: screenshot (image/png) ──────────────────────────────────────────────────────────
    ../test-results/workflows-sla-tracking-SLA-eca3f-details-for-active-invoices-chromium/test-failed-1.png
    ────────────────────────────────────────────────────────────────────────────────────────────────

    attachment #2: video (video/webm) ──────────────────────────────────────────────────────────────
    ../test-results/workflows-sla-tracking-SLA-eca3f-details-for-active-invoices-chromium/video.webm
    ────────────────────────────────────────────────────────────────────────────────────────────────

    Error Context: ../test-results/workflows-sla-tracking-SLA-eca3f-details-for-active-invoices-chromium/error-context.md

    Retry #1 ───────────────────────────────────────────────────────────────────────────────────────

    TimeoutError: locator.click: Timeout 15000ms exceeded.
    Call log:
      - waiting for locator('input[name="email"], input[type="email"], #email')


       at ../pages/base.page.ts:58

      56 |    */
      57 |   async fillField(locator: Locator, value: string) {
    > 58 |     await locator.click();
         |                   ^
      59 |     await locator.clear();
      60 |     await locator.fill(value);
      61 |   }
        at LoginPage.fillField (/app/pages/base.page.ts:58:19)
        at LoginPage.login (/app/pages/login.page.ts:33:16)
        at LoginPage.quickLogin (/app/pages/login.page.ts:58:16)
        at Object.authenticatedPage (/app/fixtures/auth.fixture.ts:12:5)

    attachment #1: screenshot (image/png) ──────────────────────────────────────────────────────────
    ../test-results/workflows-sla-tracking-SLA-eca3f-details-for-active-invoices-chromium-retry1/test-failed-1.png
    ────────────────────────────────────────────────────────────────────────────────────────────────

    attachment #2: video (video/webm) ──────────────────────────────────────────────────────────────
    ../test-results/workflows-sla-tracking-SLA-eca3f-details-for-active-invoices-chromium-retry1/video.webm
    ────────────────────────────────────────────────────────────────────────────────────────────────

    Error Context: ../test-results/workflows-sla-tracking-SLA-eca3f-details-for-active-invoices-chromium-retry1/error-context.md

    attachment #4: trace (application/zip) ─────────────────────────────────────────────────────────
    ../test-results/workflows-sla-tracking-SLA-eca3f-details-for-active-invoices-chromium-retry1/trace.zip
    Usage:

        npx playwright show-trace ../test-results/workflows-sla-tracking-SLA-eca3f-details-for-active-invoices-chromium-retry1/trace.zip

    ────────────────────────────────────────────────────────────────────────────────────────────────

    Retry #2 ───────────────────────────────────────────────────────────────────────────────────────

    TimeoutError: locator.click: Timeout 15000ms exceeded.
    Call log:
      - waiting for locator('input[name="email"], input[type="email"], #email')


       at ../pages/base.page.ts:58

      56 |    */
      57 |   async fillField(locator: Locator, value: string) {
    > 58 |     await locator.click();
         |                   ^
      59 |     await locator.clear();
      60 |     await locator.fill(value);
      61 |   }
        at LoginPage.fillField (/app/pages/base.page.ts:58:19)
        at LoginPage.login (/app/pages/login.page.ts:33:16)
        at LoginPage.quickLogin (/app/pages/login.page.ts:58:16)
        at Object.authenticatedPage (/app/fixtures/auth.fixture.ts:12:5)

    attachment #1: screenshot (image/png) ──────────────────────────────────────────────────────────
    ../test-results/workflows-sla-tracking-SLA-eca3f-details-for-active-invoices-chromium-retry2/test-failed-1.png
    ────────────────────────────────────────────────────────────────────────────────────────────────

    attachment #2: video (video/webm) ──────────────────────────────────────────────────────────────
    ../test-results/workflows-sla-tracking-SLA-eca3f-details-for-active-invoices-chromium-retry2/video.webm
    ────────────────────────────────────────────────────────────────────────────────────────────────

    Error Context: ../test-results/workflows-sla-tracking-SLA-eca3f-details-for-active-invoices-chromium-retry2/error-context.md
]]>
</failure>
<system-out>
<![CDATA[
[[ATTACHMENT|workflows-sla-tracking-SLA-eca3f-details-for-active-invoices-chromium/test-failed-1.png]]

[[ATTACHMENT|workflows-sla-tracking-SLA-eca3f-details-for-active-invoices-chromium/video.webm]]

[[ATTACHMENT|workflows-sla-tracking-SLA-eca3f-details-for-active-invoices-chromium/error-context.md]]

[[ATTACHMENT|workflows-sla-tracking-SLA-eca3f-details-for-active-invoices-chromium-retry1/test-failed-1.png]]

[[ATTACHMENT|workflows-sla-tracking-SLA-eca3f-details-for-active-invoices-chromium-retry1/video.webm]]

[[ATTACHMENT|workflows-sla-tracking-SLA-eca3f-details-for-active-invoices-chromium-retry1/error-context.md]]

[[ATTACHMENT|workflows-sla-tracking-SLA-eca3f-details-for-active-invoices-chromium-retry1/trace.zip]]

[[ATTACHMENT|workflows-sla-tracking-SLA-eca3f-details-for-active-invoices-chromium-retry2/test-failed-1.png]]

[[ATTACHMENT|workflows-sla-tracking-SLA-eca3f-details-for-active-invoices-chromium-retry2/video.webm]]

[[ATTACHMENT|workflows-sla-tracking-SLA-eca3f-details-for-active-invoices-chromium-retry2/error-context.md]]
]]>
</system-out>
</testcase>
<testcase name="SLA Tracking System › detailed SLA information on workflow page › displays overdue SLA details with correct styling" classname="workflows/sla-tracking.spec.ts" time="48.69">
<failure message="sla-tracking.spec.ts:90:9 displays overdue SLA details with correct styling" type="FAILURE">
<![CDATA[  [chromium] › workflows/sla-tracking.spec.ts:90:9 › SLA Tracking System › detailed SLA information on workflow page › displays overdue SLA details with correct styling 

    TimeoutError: locator.click: Timeout 15000ms exceeded.
    Call log:
      - waiting for locator('input[name="email"], input[type="email"], #email')


       at ../pages/base.page.ts:58

      56 |    */
      57 |   async fillField(locator: Locator, value: string) {
    > 58 |     await locator.click();
         |                   ^
      59 |     await locator.clear();
      60 |     await locator.fill(value);
      61 |   }
        at LoginPage.fillField (/app/pages/base.page.ts:58:19)
        at LoginPage.login (/app/pages/login.page.ts:33:16)
        at LoginPage.quickLogin (/app/pages/login.page.ts:58:16)
        at Object.authenticatedPage (/app/fixtures/auth.fixture.ts:12:5)

    attachment #1: screenshot (image/png) ──────────────────────────────────────────────────────────
    ../test-results/workflows-sla-tracking-SLA-e086f-etails-with-correct-styling-chromium/test-failed-1.png
    ────────────────────────────────────────────────────────────────────────────────────────────────

    attachment #2: video (video/webm) ──────────────────────────────────────────────────────────────
    ../test-results/workflows-sla-tracking-SLA-e086f-etails-with-correct-styling-chromium/video.webm
    ────────────────────────────────────────────────────────────────────────────────────────────────

    Error Context: ../test-results/workflows-sla-tracking-SLA-e086f-etails-with-correct-styling-chromium/error-context.md

    Retry #1 ───────────────────────────────────────────────────────────────────────────────────────

    TimeoutError: locator.click: Timeout 15000ms exceeded.
    Call log:
      - waiting for locator('input[name="email"], input[type="email"], #email')


       at ../pages/base.page.ts:58

      56 |    */
      57 |   async fillField(locator: Locator, value: string) {
    > 58 |     await locator.click();
         |                   ^
      59 |     await locator.clear();
      60 |     await locator.fill(value);
      61 |   }
        at LoginPage.fillField (/app/pages/base.page.ts:58:19)
        at LoginPage.login (/app/pages/login.page.ts:33:16)
        at LoginPage.quickLogin (/app/pages/login.page.ts:58:16)
        at Object.authenticatedPage (/app/fixtures/auth.fixture.ts:12:5)

    attachment #1: screenshot (image/png) ──────────────────────────────────────────────────────────
    ../test-results/workflows-sla-tracking-SLA-e086f-etails-with-correct-styling-chromium-retry1/test-failed-1.png
    ────────────────────────────────────────────────────────────────────────────────────────────────

    attachment #2: video (video/webm) ──────────────────────────────────────────────────────────────
    ../test-results/workflows-sla-tracking-SLA-e086f-etails-with-correct-styling-chromium-retry1/video.webm
    ────────────────────────────────────────────────────────────────────────────────────────────────

    Error Context: ../test-results/workflows-sla-tracking-SLA-e086f-etails-with-correct-styling-chromium-retry1/error-context.md

    attachment #4: trace (application/zip) ─────────────────────────────────────────────────────────
    ../test-results/workflows-sla-tracking-SLA-e086f-etails-with-correct-styling-chromium-retry1/trace.zip
    Usage:

        npx playwright show-trace ../test-results/workflows-sla-tracking-SLA-e086f-etails-with-correct-styling-chromium-retry1/trace.zip

    ────────────────────────────────────────────────────────────────────────────────────────────────

    Retry #2 ───────────────────────────────────────────────────────────────────────────────────────

    TimeoutError: locator.click: Timeout 15000ms exceeded.
    Call log:
      - waiting for locator('input[name="email"], input[type="email"], #email')


       at ../pages/base.page.ts:58

      56 |    */
      57 |   async fillField(locator: Locator, value: string) {
    > 58 |     await locator.click();
         |                   ^
      59 |     await locator.clear();
      60 |     await locator.fill(value);
      61 |   }
        at LoginPage.fillField (/app/pages/base.page.ts:58:19)
        at LoginPage.login (/app/pages/login.page.ts:33:16)
        at LoginPage.quickLogin (/app/pages/login.page.ts:58:16)
        at Object.authenticatedPage (/app/fixtures/auth.fixture.ts:12:5)

    attachment #1: screenshot (image/png) ──────────────────────────────────────────────────────────
    ../test-results/workflows-sla-tracking-SLA-e086f-etails-with-correct-styling-chromium-retry2/test-failed-1.png
    ────────────────────────────────────────────────────────────────────────────────────────────────

    attachment #2: video (video/webm) ──────────────────────────────────────────────────────────────
    ../test-results/workflows-sla-tracking-SLA-e086f-etails-with-correct-styling-chromium-retry2/video.webm
    ────────────────────────────────────────────────────────────────────────────────────────────────

    Error Context: ../test-results/workflows-sla-tracking-SLA-e086f-etails-with-correct-styling-chromium-retry2/error-context.md
]]>
</failure>
<system-out>
<![CDATA[
[[ATTACHMENT|workflows-sla-tracking-SLA-e086f-etails-with-correct-styling-chromium/test-failed-1.png]]

[[ATTACHMENT|workflows-sla-tracking-SLA-e086f-etails-with-correct-styling-chromium/video.webm]]

[[ATTACHMENT|workflows-sla-tracking-SLA-e086f-etails-with-correct-styling-chromium/error-context.md]]

[[ATTACHMENT|workflows-sla-tracking-SLA-e086f-etails-with-correct-styling-chromium-retry1/test-failed-1.png]]

[[ATTACHMENT|workflows-sla-tracking-SLA-e086f-etails-with-correct-styling-chromium-retry1/video.webm]]

[[ATTACHMENT|workflows-sla-tracking-SLA-e086f-etails-with-correct-styling-chromium-retry1/error-context.md]]

[[ATTACHMENT|workflows-sla-tracking-SLA-e086f-etails-with-correct-styling-chromium-retry1/trace.zip]]

[[ATTACHMENT|workflows-sla-tracking-SLA-e086f-etails-with-correct-styling-chromium-retry2/test-failed-1.png]]

[[ATTACHMENT|workflows-sla-tracking-SLA-e086f-etails-with-correct-styling-chromium-retry2/video.webm]]

[[ATTACHMENT|workflows-sla-tracking-SLA-e086f-etails-with-correct-styling-chromium-retry2/error-context.md]]
]]>
</system-out>
</testcase>
<testcase name="SLA Tracking System › detailed SLA information on workflow page › handles invoices without SLA deadline" classname="workflows/sla-tracking.spec.ts" time="48.398">
<failure message="sla-tracking.spec.ts:104:9 handles invoices without SLA deadline" type="FAILURE">
<![CDATA[  [chromium] › workflows/sla-tracking.spec.ts:104:9 › SLA Tracking System › detailed SLA information on workflow page › handles invoices without SLA deadline 

    TimeoutError: locator.click: Timeout 15000ms exceeded.
    Call log:
      - waiting for locator('input[name="email"], input[type="email"], #email')


       at ../pages/base.page.ts:58

      56 |    */
      57 |   async fillField(locator: Locator, value: string) {
    > 58 |     await locator.click();
         |                   ^
      59 |     await locator.clear();
      60 |     await locator.fill(value);
      61 |   }
        at LoginPage.fillField (/app/pages/base.page.ts:58:19)
        at LoginPage.login (/app/pages/login.page.ts:33:16)
        at LoginPage.quickLogin (/app/pages/login.page.ts:58:16)
        at Object.authenticatedPage (/app/fixtures/auth.fixture.ts:12:5)

    attachment #1: screenshot (image/png) ──────────────────────────────────────────────────────────
    ../test-results/workflows-sla-tracking-SLA-c39d2-voices-without-SLA-deadline-chromium/test-failed-1.png
    ────────────────────────────────────────────────────────────────────────────────────────────────

    attachment #2: video (video/webm) ──────────────────────────────────────────────────────────────
    ../test-results/workflows-sla-tracking-SLA-c39d2-voices-without-SLA-deadline-chromium/video.webm
    ────────────────────────────────────────────────────────────────────────────────────────────────

    Error Context: ../test-results/workflows-sla-tracking-SLA-c39d2-voices-without-SLA-deadline-chromium/error-context.md

    Retry #1 ───────────────────────────────────────────────────────────────────────────────────────

    TimeoutError: locator.click: Timeout 15000ms exceeded.
    Call log:
      - waiting for locator('input[name="email"], input[type="email"], #email')


       at ../pages/base.page.ts:58

      56 |    */
      57 |   async fillField(locator: Locator, value: string) {
    > 58 |     await locator.click();
         |                   ^
      59 |     await locator.clear();
      60 |     await locator.fill(value);
      61 |   }
        at LoginPage.fillField (/app/pages/base.page.ts:58:19)
        at LoginPage.login (/app/pages/login.page.ts:33:16)
        at LoginPage.quickLogin (/app/pages/login.page.ts:58:16)
        at Object.authenticatedPage (/app/fixtures/auth.fixture.ts:12:5)

    attachment #1: screenshot (image/png) ──────────────────────────────────────────────────────────
    ../test-results/workflows-sla-tracking-SLA-c39d2-voices-without-SLA-deadline-chromium-retry1/test-failed-1.png
    ────────────────────────────────────────────────────────────────────────────────────────────────

    attachment #2: video (video/webm) ──────────────────────────────────────────────────────────────
    ../test-results/workflows-sla-tracking-SLA-c39d2-voices-without-SLA-deadline-chromium-retry1/video.webm
    ────────────────────────────────────────────────────────────────────────────────────────────────

    Error Context: ../test-results/workflows-sla-tracking-SLA-c39d2-voices-without-SLA-deadline-chromium-retry1/error-context.md

    attachment #4: trace (application/zip) ─────────────────────────────────────────────────────────
    ../test-results/workflows-sla-tracking-SLA-c39d2-voices-without-SLA-deadline-chromium-retry1/trace.zip
    Usage:

        npx playwright show-trace ../test-results/workflows-sla-tracking-SLA-c39d2-voices-without-SLA-deadline-chromium-retry1/trace.zip

    ────────────────────────────────────────────────────────────────────────────────────────────────

    Retry #2 ───────────────────────────────────────────────────────────────────────────────────────

    TimeoutError: locator.click: Timeout 15000ms exceeded.
    Call log:
      - waiting for locator('input[name="email"], input[type="email"], #email')


       at ../pages/base.page.ts:58

      56 |    */
      57 |   async fillField(locator: Locator, value: string) {
    > 58 |     await locator.click();
         |                   ^
      59 |     await locator.clear();
      60 |     await locator.fill(value);
      61 |   }
        at LoginPage.fillField (/app/pages/base.page.ts:58:19)
        at LoginPage.login (/app/pages/login.page.ts:33:16)
        at LoginPage.quickLogin (/app/pages/login.page.ts:58:16)
        at Object.authenticatedPage (/app/fixtures/auth.fixture.ts:12:5)

    attachment #1: screenshot (image/png) ──────────────────────────────────────────────────────────
    ../test-results/workflows-sla-tracking-SLA-c39d2-voices-without-SLA-deadline-chromium-retry2/test-failed-1.png
    ────────────────────────────────────────────────────────────────────────────────────────────────

    attachment #2: video (video/webm) ──────────────────────────────────────────────────────────────
    ../test-results/workflows-sla-tracking-SLA-c39d2-voices-without-SLA-deadline-chromium-retry2/video.webm
    ────────────────────────────────────────────────────────────────────────────────────────────────

    Error Context: ../test-results/workflows-sla-tracking-SLA-c39d2-voices-without-SLA-deadline-chromium-retry2/error-context.md
]]>
</failure>
<system-out>
<![CDATA[
[[ATTACHMENT|workflows-sla-tracking-SLA-c39d2-voices-without-SLA-deadline-chromium/test-failed-1.png]]

[[ATTACHMENT|workflows-sla-tracking-SLA-c39d2-voices-without-SLA-deadline-chromium/video.webm]]

[[ATTACHMENT|workflows-sla-tracking-SLA-c39d2-voices-without-SLA-deadline-chromium/error-context.md]]

[[ATTACHMENT|workflows-sla-tracking-SLA-c39d2-voices-without-SLA-deadline-chromium-retry1/test-failed-1.png]]

[[ATTACHMENT|workflows-sla-tracking-SLA-c39d2-voices-without-SLA-deadline-chromium-retry1/video.webm]]

[[ATTACHMENT|workflows-sla-tracking-SLA-c39d2-voices-without-SLA-deadline-chromium-retry1/error-context.md]]

[[ATTACHMENT|workflows-sla-tracking-SLA-c39d2-voices-without-SLA-deadline-chromium-retry1/trace.zip]]

[[ATTACHMENT|workflows-sla-tracking-SLA-c39d2-voices-without-SLA-deadline-chromium-retry2/test-failed-1.png]]

[[ATTACHMENT|workflows-sla-tracking-SLA-c39d2-voices-without-SLA-deadline-chromium-retry2/video.webm]]

[[ATTACHMENT|workflows-sla-tracking-SLA-c39d2-voices-without-SLA-deadline-chromium-retry2/error-context.md]]
]]>
</system-out>
</testcase>
<testcase name="SLA Tracking System › detailed SLA information on workflow page › calculates and displays correct progress percentage" classname="workflows/sla-tracking.spec.ts" time="48.595">
[...]
        at LoginPage.quickLogin (/app/pages/login.page.ts:58:16)
        at Object.authenticatedPage (/app/fixtures/auth.fixture.ts:12:5)

    attachment #1: screenshot (image/png) ──────────────────────────────────────────────────────────
    ../test-results/workflows-sla-tracking-SLA-15e09-or-different-invoice-states-tablet/test-failed-1.png
    ────────────────────────────────────────────────────────────────────────────────────────────────

    attachment #2: video (video/webm) ──────────────────────────────────────────────────────────────
    ../test-results/workflows-sla-tracking-SLA-15e09-or-different-invoice-states-tablet/video.webm
    ────────────────────────────────────────────────────────────────────────────────────────────────

    Error Context: ../test-results/workflows-sla-tracking-SLA-15e09-or-different-invoice-states-tablet/error-context.md

    Retry #1 ───────────────────────────────────────────────────────────────────────────────────────

    TimeoutError: locator.click: Timeout 15000ms exceeded.
    Call log:
      - waiting for locator('input[name="email"], input[type="email"], #email')


       at ../pages/base.page.ts:58

      56 |    */
      57 |   async fillField(locator: Locator, value: string) {
    > 58 |     await locator.click();
         |                   ^
      59 |     await locator.clear();
      60 |     await locator.fill(value);
      61 |   }
        at LoginPage.fillField (/app/pages/base.page.ts:58:19)
        at LoginPage.login (/app/pages/login.page.ts:33:16)
        at LoginPage.quickLogin (/app/pages/login.page.ts:58:16)
        at Object.authenticatedPage (/app/fixtures/auth.fixture.ts:12:5)

    attachment #1: screenshot (image/png) ──────────────────────────────────────────────────────────
    ../test-results/workflows-sla-tracking-SLA-15e09-or-different-invoice-states-tablet-retry1/test-failed-1.png
    ────────────────────────────────────────────────────────────────────────────────────────────────

    attachment #2: video (video/webm) ──────────────────────────────────────────────────────────────
    ../test-results/workflows-sla-tracking-SLA-15e09-or-different-invoice-states-tablet-retry1/video.webm
    ────────────────────────────────────────────────────────────────────────────────────────────────

    Error Context: ../test-results/workflows-sla-tracking-SLA-15e09-or-different-invoice-states-tablet-retry1/error-context.md

    attachment #4: trace (application/zip) ─────────────────────────────────────────────────────────
    ../test-results/workflows-sla-tracking-SLA-15e09-or-different-invoice-states-tablet-retry1/trace.zip
    Usage:

        npx playwright show-trace ../test-results/workflows-sla-tracking-SLA-15e09-or-different-invoice-states-tablet-retry1/trace.zip

    ────────────────────────────────────────────────────────────────────────────────────────────────

    Retry #2 ───────────────────────────────────────────────────────────────────────────────────────

    TimeoutError: locator.click: Timeout 15000ms exceeded.
    Call log:
      - waiting for locator('input[name="email"], input[type="email"], #email')


       at ../pages/base.page.ts:58

      56 |    */
      57 |   async fillField(locator: Locator, value: string) {
    > 58 |     await locator.click();
         |                   ^
      59 |     await locator.clear();
      60 |     await locator.fill(value);
      61 |   }
        at LoginPage.fillField (/app/pages/base.page.ts:58:19)
        at LoginPage.login (/app/pages/login.page.ts:33:16)
        at LoginPage.quickLogin (/app/pages/login.page.ts:58:16)
        at Object.authenticatedPage (/app/fixtures/auth.fixture.ts:12:5)

    attachment #1: screenshot (image/png) ──────────────────────────────────────────────────────────
    ../test-results/workflows-sla-tracking-SLA-15e09-or-different-invoice-states-tablet-retry2/test-failed-1.png
    ────────────────────────────────────────────────────────────────────────────────────────────────

    attachment #2: video (video/webm) ──────────────────────────────────────────────────────────────
    ../test-results/workflows-sla-tracking-SLA-15e09-or-different-invoice-states-tablet-retry2/video.webm
    ────────────────────────────────────────────────────────────────────────────────────────────────

    Error Context: ../test-results/workflows-sla-tracking-SLA-15e09-or-different-invoice-states-tablet-retry2/error-context.md
]]>
</failure>
<system-out>
<![CDATA[
[[ATTACHMENT|workflows-sla-tracking-SLA-15e09-or-different-invoice-states-tablet/test-failed-1.png]]

[[ATTACHMENT|workflows-sla-tracking-SLA-15e09-or-different-invoice-states-tablet/video.webm]]

[[ATTACHMENT|workflows-sla-tracking-SLA-15e09-or-different-invoice-states-tablet/error-context.md]]

[[ATTACHMENT|workflows-sla-tracking-SLA-15e09-or-different-invoice-states-tablet-retry1/test-failed-1.png]]

[[ATTACHMENT|workflows-sla-tracking-SLA-15e09-or-different-invoice-states-tablet-retry1/video.webm]]

[[ATTACHMENT|workflows-sla-tracking-SLA-15e09-or-different-invoice-states-tablet-retry1/error-context.md]]

[[ATTACHMENT|workflows-sla-tracking-SLA-15e09-or-different-invoice-states-tablet-retry1/trace.zip]]

[[ATTACHMENT|workflows-sla-tracking-SLA-15e09-or-different-invoice-states-tablet-retry2/test-failed-1.png]]

[[ATTACHMENT|workflows-sla-tracking-SLA-15e09-or-different-invoice-states-tablet-retry2/video.webm]]

[[ATTACHMENT|workflows-sla-tracking-SLA-15e09-or-different-invoice-states-tablet-retry2/error-context.md]]
]]>
</system-out>
</testcase>
<testcase name="SLA Tracking System › SLA indicators on invoices index page › displays warning indicator for approaching deadlines" classname="workflows/sla-tracking.spec.ts" time="49.399">
<failure message="sla-tracking.spec.ts:45:9 displays warning indicator for approaching deadlines" type="FAILURE">
<![CDATA[  [tablet] › workflows/sla-tracking.spec.ts:45:9 › SLA Tracking System › SLA indicators on invoices index page › displays warning indicator for approaching deadlines 

    TimeoutError: locator.click: Timeout 15000ms exceeded.
    Call log:
      - waiting for locator('input[name="email"], input[type="email"], #email')


       at ../pages/base.page.ts:58

      56 |    */
      57 |   async fillField(locator: Locator, value: string) {
    > 58 |     await locator.click();
         |                   ^
      59 |     await locator.clear();
      60 |     await locator.fill(value);
      61 |   }
        at LoginPage.fillField (/app/pages/base.page.ts:58:19)
        at LoginPage.login (/app/pages/login.page.ts:33:16)
        at LoginPage.quickLogin (/app/pages/login.page.ts:58:16)
        at Object.authenticatedPage (/app/fixtures/auth.fixture.ts:12:5)

    attachment #1: screenshot (image/png) ──────────────────────────────────────────────────────────
    ../test-results/workflows-sla-tracking-SLA-87986-r-for-approaching-deadlines-tablet/test-failed-1.png
    ────────────────────────────────────────────────────────────────────────────────────────────────

    attachment #2: video (video/webm) ──────────────────────────────────────────────────────────────
    ../test-results/workflows-sla-tracking-SLA-87986-r-for-approaching-deadlines-tablet/video.webm
    ────────────────────────────────────────────────────────────────────────────────────────────────

    Error Context: ../test-results/workflows-sla-tracking-SLA-87986-r-for-approaching-deadlines-tablet/error-context.md

    Retry #1 ───────────────────────────────────────────────────────────────────────────────────────

    TimeoutError: locator.click: Timeout 15000ms exceeded.
    Call log:
      - waiting for locator('input[name="email"], input[type="email"], #email')


       at ../pages/base.page.ts:58

      56 |    */
      57 |   async fillField(locator: Locator, value: string) {
    > 58 |     await locator.click();
         |                   ^
      59 |     await locator.clear();
      60 |     await locator.fill(value);
      61 |   }
        at LoginPage.fillField (/app/pages/base.page.ts:58:19)
        at LoginPage.login (/app/pages/login.page.ts:33:16)
        at LoginPage.quickLogin (/app/pages/login.page.ts:58:16)
        at Object.authenticatedPage (/app/fixtures/auth.fixture.ts:12:5)

    attachment #1: screenshot (image/png) ──────────────────────────────────────────────────────────
    ../test-results/workflows-sla-tracking-SLA-87986-r-for-approaching-deadlines-tablet-retry1/test-failed-1.png
    ────────────────────────────────────────────────────────────────────────────────────────────────

    attachment #2: video (video/webm) ──────────────────────────────────────────────────────────────
    ../test-results/workflows-sla-tracking-SLA-87986-r-for-approaching-deadlines-tablet-retry1/video.webm
    ────────────────────────────────────────────────────────────────────────────────────────────────

    Error Context: ../test-results/workflows-sla-tracking-SLA-87986-r-for-approaching-deadlines-tablet-retry1/error-context.md

    attachment #4: trace (application/zip) ─────────────────────────────────────────────────────────
    ../test-results/workflows-sla-tracking-SLA-87986-r-for-approaching-deadlines-tablet-retry1/trace.zip
    Usage:

        npx playwright show-trace ../test-results/workflows-sla-tracking-SLA-87986-r-for-approaching-deadlines-tablet-retry1/trace.zip

    ────────────────────────────────────────────────────────────────────────────────────────────────

    Retry #2 ───────────────────────────────────────────────────────────────────────────────────────

    TimeoutError: locator.click: Timeout 15000ms exceeded.
    Call log:
      - waiting for locator('input[name="email"], input[type="email"], #email')


       at ../pages/base.page.ts:58

      56 |    */
      57 |   async fillField(locator: Locator, value: string) {
    > 58 |     await locator.click();
         |                   ^
      59 |     await locator.clear();
      60 |     await locator.fill(value);
      61 |   }
        at LoginPage.fillField (/app/pages/base.page.ts:58:19)
        at LoginPage.login (/app/pages/login.page.ts:33:16)
        at LoginPage.quickLogin (/app/pages/login.page.ts:58:16)
        at Object.authenticatedPage (/app/fixtures/auth.fixture.ts:12:5)

    attachment #1: screenshot (image/png) ──────────────────────────────────────────────────────────
    ../test-results/workflows-sla-tracking-SLA-87986-r-for-approaching-deadlines-tablet-retry2/test-failed-1.png
    ────────────────────────────────────────────────────────────────────────────────────────────────

    attachment #2: video (video/webm) ──────────────────────────────────────────────────────────────
    ../test-results/workflows-sla-tracking-SLA-87986-r-for-approaching-deadlines-tablet-retry2/video.webm
    ────────────────────────────────────────────────────────────────────────────────────────────────

    Error Context: ../test-results/workflows-sla-tracking-SLA-87986-r-for-approaching-deadlines-tablet-retry2/error-context.md
]]>
</failure>
<system-out>
<![CDATA[
[[ATTACHMENT|workflows-sla-tracking-SLA-87986-r-for-approaching-deadlines-tablet/test-failed-1.png]]

[[ATTACHMENT|workflows-sla-tracking-SLA-87986-r-for-approaching-deadlines-tablet/video.webm]]

[[ATTACHMENT|workflows-sla-tracking-SLA-87986-r-for-approaching-deadlines-tablet/error-context.md]]

[[ATTACHMENT|workflows-sla-tracking-SLA-87986-r-for-approaching-deadlines-tablet-retry1/test-failed-1.png]]

[[ATTACHMENT|workflows-sla-tracking-SLA-87986-r-for-approaching-deadlines-tablet-retry1/video.webm]]

[[ATTACHMENT|workflows-sla-tracking-SLA-87986-r-for-approaching-deadlines-tablet-retry1/error-context.md]]

[[ATTACHMENT|workflows-sla-tracking-SLA-87986-r-for-approaching-deadlines-tablet-retry1/trace.zip]]

[[ATTACHMENT|workflows-sla-tracking-SLA-87986-r-for-approaching-deadlines-tablet-retry2/test-failed-1.png]]

[[ATTACHMENT|workflows-sla-tracking-SLA-87986-r-for-approaching-deadlines-tablet-retry2/video.webm]]

[[ATTACHMENT|workflows-sla-tracking-SLA-87986-r-for-approaching-deadlines-tablet-retry2/error-context.md]]
]]>
</system-out>
</testcase>
<testcase name="SLA Tracking System › SLA indicators on invoices index page › applies correct styling based on time remaining" classname="workflows/sla-tracking.spec.ts" time="49.461">
<failure message="sla-tracking.spec.ts:54:9 applies correct styling based on time remaining" type="FAILURE">
<![CDATA[  [tablet] › workflows/sla-tracking.spec.ts:54:9 › SLA Tracking System › SLA indicators on invoices index page › applies correct styling based on time remaining 

    TimeoutError: locator.click: Timeout 15000ms exceeded.
    Call log:
      - waiting for locator('input[name="email"], input[type="email"], #email')


       at ../pages/base.page.ts:58

      56 |    */
      57 |   async fillField(locator: Locator, value: string) {
    > 58 |     await locator.click();
         |                   ^
      59 |     await locator.clear();
      60 |     await locator.fill(value);
      61 |   }
        at LoginPage.fillField (/app/pages/base.page.ts:58:19)
        at LoginPage.login (/app/pages/login.page.ts:33:16)
        at LoginPage.quickLogin (/app/pages/login.page.ts:58:16)
        at Object.authenticatedPage (/app/fixtures/auth.fixture.ts:12:5)

    attachment #1: screenshot (image/png) ──────────────────────────────────────────────────────────
    ../test-results/workflows-sla-tracking-SLA-d49e4-ing-based-on-time-remaining-tablet/test-failed-1.png
    ────────────────────────────────────────────────────────────────────────────────────────────────

    attachment #2: video (video/webm) ──────────────────────────────────────────────────────────────
    ../test-results/workflows-sla-tracking-SLA-d49e4-ing-based-on-time-remaining-tablet/video.webm
    ────────────────────────────────────────────────────────────────────────────────────────────────

    Error Context: ../test-results/workflows-sla-tracking-SLA-d49e4-ing-based-on-time-remaining-tablet/error-context.md

    Retry #1 ───────────────────────────────────────────────────────────────────────────────────────

    TimeoutError: locator.click: Timeout 15000ms exceeded.
    Call log:
      - waiting for locator('input[name="email"], input[type="email"], #email')


       at ../pages/base.page.ts:58

      56 |    */
      57 |   async fillField(locator: Locator, value: string) {
    > 58 |     await locator.click();
         |                   ^
      59 |     await locator.clear();
      60 |     await locator.fill(value);
      61 |   }
        at LoginPage.fillField (/app/pages/base.page.ts:58:19)
        at LoginPage.login (/app/pages/login.page.ts:33:16)
        at LoginPage.quickLogin (/app/pages/login.page.ts:58:16)
        at Object.authenticatedPage (/app/fixtures/auth.fixture.ts:12:5)

    attachment #1: screenshot (image/png) ──────────────────────────────────────────────────────────
    ../test-results/workflows-sla-tracking-SLA-d49e4-ing-based-on-time-remaining-tablet-retry1/test-failed-1.png
    ────────────────────────────────────────────────────────────────────────────────────────────────

    attachment #2: video (video/webm) ──────────────────────────────────────────────────────────────
    ../test-results/workflows-sla-tracking-SLA-d49e4-ing-based-on-time-remaining-tablet-retry1/video.webm
    ────────────────────────────────────────────────────────────────────────────────────────────────

    Error Context: ../test-results/workflows-sla-tracking-SLA-d49e4-ing-based-on-time-remaining-tablet-retry1/error-context.md

    attachment #4: trace (application/zip) ─────────────────────────────────────────────────────────
    ../test-results/workflows-sla-tracking-SLA-d49e4-ing-based-on-time-remaining-tablet-retry1/trace.zip
    Usage:

        npx playwright show-trace ../test-results/workflows-sla-tracking-SLA-d49e4-ing-based-on-time-remaining-tablet-retry1/trace.zip

    ────────────────────────────────────────────────────────────────────────────────────────────────

    Retry #2 ───────────────────────────────────────────────────────────────────────────────────────

    TimeoutError: locator.click: Timeout 15000ms exceeded.
    Call log:
      - waiting for locator('input[name="email"], input[type="email"], #email')


       at ../pages/base.page.ts:58

      56 |    */
      57 |   async fillField(locator: Locator, value: string) {
    > 58 |     await locator.click();
         |                   ^
      59 |     await locator.clear();
      60 |     await locator.fill(value);
      61 |   }
        at LoginPage.fillField (/app/pages/base.page.ts:58:19)
        at LoginPage.login (/app/pages/login.page.ts:33:16)
        at LoginPage.quickLogin (/app/pages/login.page.ts:58:16)
        at Object.authenticatedPage (/app/fixtures/auth.fixture.ts:12:5)

    attachment #1: screenshot (image/png) ──────────────────────────────────────────────────────────
    ../test-results/workflows-sla-tracking-SLA-d49e4-ing-based-on-time-remaining-tablet-retry2/test-failed-1.png
    ────────────────────────────────────────────────────────────────────────────────────────────────

    attachment #2: video (video/webm) ──────────────────────────────────────────────────────────────
    ../test-results/workflows-sla-tracking-SLA-d49e4-ing-based-on-time-remaining-tablet-retry2/video.webm
    ────────────────────────────────────────────────────────────────────────────────────────────────

    Error Context: ../test-results/workflows-sla-tracking-SLA-d49e4-ing-based-on-time-remaining-tablet-retry2/error-context.md
]]>
</failure>
<system-out>
<![CDATA[
[[ATTACHMENT|workflows-sla-tracking-SLA-d49e4-ing-based-on-time-remaining-tablet/test-failed-1.png]]

[[ATTACHMENT|workflows-sla-tracking-SLA-d49e4-ing-based-on-time-remaining-tablet/video.webm]]

[[ATTACHMENT|workflows-sla-tracking-SLA-d49e4-ing-based-on-time-remaining-tablet/error-context.md]]

[[ATTACHMENT|workflows-sla-tracking-SLA-d49e4-ing-based-on-time-remaining-tablet-retry1/test-failed-1.png]]

[[ATTACHMENT|workflows-sla-tracking-SLA-d49e4-ing-based-on-time-remaining-tablet-retry1/video.webm]]

[[ATTACHMENT|workflows-sla-tracking-SLA-d49e4-ing-based-on-time-remaining-tablet-retry1/error-context.md]]

[[ATTACHMENT|workflows-sla-tracking-SLA-d49e4-ing-based-on-time-remaining-tablet-retry1/trace.zip]]

[[ATTACHMENT|workflows-sla-tracking-SLA-d49e4-ing-based-on-time-remaining-tablet-retry2/test-failed-1.png]]

[[ATTACHMENT|workflows-sla-tracking-SLA-d49e4-ing-based-on-time-remaining-tablet-retry2/video.webm]]

[[ATTACHMENT|workflows-sla-tracking-SLA-d49e4-ing-based-on-time-remaining-tablet-retry2/error-context.md]]
]]>
</system-out>
</testcase>
<testcase name="SLA Tracking System › detailed SLA information on workflow page › displays comprehensive SLA details for active invoices" classname="workflows/sla-tracking.spec.ts" time="12.462">
<skipped>
</skipped>
</testcase>
<testcase name="SLA Tracking System › detailed SLA information on workflow page › displays overdue SLA details with correct styling" classname="workflows/sla-tracking.spec.ts" time="0">
<skipped>
</skipped>
</testcase>
<testcase name="SLA Tracking System › detailed SLA information on workflow page › handles invoices without SLA deadline" classname="workflows/sla-tracking.spec.ts" time="0">
<skipped>
</skipped>
</testcase>
<testcase name="SLA Tracking System › detailed SLA information on workflow page › calculates and displays correct progress percentage" classname="workflows/sla-tracking.spec.ts" time="0">
<skipped>
</skipped>
</testcase>
<testcase name="SLA Tracking System › edge cases and error handling › handles missing workflow data gracefully" classname="workflows/sla-tracking.spec.ts" time="0">
<skipped>
</skipped>
</testcase>
<testcase name="SLA Tracking System › edge cases and error handling › updates SLA status after workflow transition" classname="workflows/sla-tracking.spec.ts" time="0">
<skipped>
</skipped>
</testcase>
</testsuite>
</testsuites>